  main.cpp
C:\Programming Languages\C++\Projects\blang\Blang\src\main.cpp(296,35): warning C4267: '=': conversion from 'size_t' to 'int', possible loss of data
C:\Programming Languages\C++\Projects\blang\Blang\src\main.cpp(297,98): warning C4267: 'argument': conversion from 'size_t' to 'int', possible loss of data
C:\Programming Languages\C++\Projects\blang\Blang\src\main.cpp(315,16): warning C4102: 'NEWLINEHANDLE': unreferenced label
C:\Programming Languages\C++\Projects\blang\Blang\src\main.cpp(435,13): warning C4102: 'ENDTOKENIZE': unreferenced label
C:\Programming Languages\C++\Projects\blang\Blang\src\main.cpp(991,54): warning C4244: 'argument': conversion from 'int64_t' to 'int', possible loss of data
C:\Programming Languages\C++\Projects\blang\Blang\src\main.cpp(1002,18): warning C4477: 'fprintf' : format string '%ld' requires an argument of type 'long', but variadic argument 2 has type 'int64_t'
C:\Programming Languages\C++\Projects\blang\Blang\src\main.cpp(1002,18): message : consider using '%lld' in the format string
C:\Programming Languages\C++\Projects\blang\Blang\src\main.cpp(1002,18): message : consider using '%Id' in the format string
C:\Programming Languages\C++\Projects\blang\Blang\src\main.cpp(1002,18): message : consider using '%I64d' in the format string
C:\Programming Languages\C++\Projects\blang\Blang\src\main.cpp(1028,54): warning C4244: 'argument': conversion from 'int64_t' to 'int', possible loss of data
C:\Programming Languages\C++\Projects\blang\Blang\src\main.cpp(1039,18): warning C4477: 'fprintf' : format string '%ld' requires an argument of type 'long', but variadic argument 2 has type 'int64_t'
C:\Programming Languages\C++\Projects\blang\Blang\src\main.cpp(1039,18): message : consider using '%lld' in the format string
C:\Programming Languages\C++\Projects\blang\Blang\src\main.cpp(1039,18): message : consider using '%Id' in the format string
C:\Programming Languages\C++\Projects\blang\Blang\src\main.cpp(1039,18): message : consider using '%I64d' in the format string
  Generating code
  167 of 751 functions (22.2%) were compiled, the rest were copied from previous compilation.
    155 functions were new in current compilation
    145 functions had inline decision re-evaluated but remain unchanged
  Finished generating code
  Blang.vcxproj -> C:\Programming Languages\C++\Projects\blang\Blang\x64\Release\Blang.exe
